<?xml version="1.0" encoding="UTF-8"?>
<testsuite xmlns:xsi="http://www.w3.org/2001/XMLSchema-instance" xsi:schemaLocation="https://maven.apache.org/surefire/maven-surefire-plugin/xsd/surefire-test-report.xsd" name="com.blazedemo.bdd.runner.Runner" time="150.848" tests="68" errors="0" skipped="3" failures="4">
  <properties>
[...]
</properties>
  <testcase name="Given User launches application" classname="Scenario: Verify Welcome Message and Destination of the week details" time="0.004"/>
  <testcase name="When User verifies welcome message as Welcome to the Simple Travel Agency!" classname="Scenario: Verify Welcome Message and Destination of the week details" time="0"/>
  <testcase name="And User clicks on destination of the week link on welcome screen" classname="Scenario: Verify Welcome Message and Destination of the week details" time="0"/>
  <testcase name="Then User is navigated to vacation screen" classname="Scenario: Verify Welcome Message and Destination of the week details" time="0"/>
  <testcase name="And User verifies Destination of the week: Hawaii ! text is displayed on vacation screen" classname="Scenario: Verify Welcome Message and Destination of the week details" time="0"/>
  <testcase name="And User verifies assets/vacation.jpg image is displayed on vacation screen" classname="Scenario: Verify Welcome Message and Destination of the week details" time="0"/>
  <testcase name="Scenario: Verify Welcome Message and Destination of the week details" classname="Scenario: Verify Welcome Message and Destination of the week details" time="0.016"/>
  <testcase name="Given User launches application" classname="Scenario: Find Flights for Departure and Destination cities" time="0.001"/>
  <testcase name="When User selects Boston as departure city" classname="Scenario: Find Flights for Departure and Destination cities" time="0"/>
  <testcase name="And User selects London as destination city" classname="Scenario: Find Flights for Departure and Destination cities" time="0"/>
  <testcase name="And User clicks Find Flights button" classname="Scenario: Find Flights for Departure and Destination cities" time="0"/>
  <testcase name="Then User is navigated to reserve screen" classname="Scenario: Find Flights for Departure and Destination cities" time="0"/>
  <testcase name="Scenario: Find Flights for Departure and Destination cities" classname="Scenario: Find Flights for Departure and Destination cities" time="0"/>
  <testcase name="Given User launches application" classname="Scenario: Verify Flight details from Departure to Destination cities" time="0"/>
  <testcase name="When User finds flights from Boston city to London city" classname="Scenario: Verify Flight details from Departure to Destination cities" time="0"/>
  <testcase name="Then User is navigated to reserve screen" classname="Scenario: Verify Flight details from Departure to Destination cities" time="0"/>
  <testcase name="And User verifies Flights from Boston to London: text is displayed on reserve screen" classname="Scenario: Verify Flight details from Departure to Destination cities" time="0"/>
  <testcase name="Scenario: Verify Flight details from Departure to Destination cities" classname="Scenario: Verify Flight details from Departure to Destination cities" time="0.016"/>
  <testcase name="Given User launches application" classname="Scenario: Verify user can choose flight by Flight Number" time="0"/>
  <testcase name="When User finds flights from Portland city to Dublin city" classname="Scenario: Verify user can choose flight by Flight Number" time="0"/>
  <testcase name="And User is navigated to reserve screen" classname="Scenario: Verify user can choose flight by Flight Number" time="0"/>
  <testcase name="And User chooses flight number 234" classname="Scenario: Verify user can choose flight by Flight Number" time="0"/>
  <testcase name="Then User is navigated to purchase screen" classname="Scenario: Verify user can choose flight by Flight Number" time="0"/>
  <testcase name="Scenario: Verify user can choose flight by Flight Number" classname="Scenario: Verify user can choose flight by Flight Number" time="0.016"/>
  <testcase name="Given User launches application" classname="Scenario: Verify user can choose flight by Airline name and Depart Time" time="0.001"/>
  <testcase name="When User finds flights from Paris city to Cairo city" classname="Scenario: Verify user can choose flight by Airline name and Depart Time" time="0"/>
  <testcase name="And User is navigated to reserve screen" classname="Scenario: Verify user can choose flight by Airline name and Depart Time" time="0"/>
  <testcase name="And User chooses flight having Airline and Depart time details as" classname="Scenario: Verify user can choose flight by Airline name and Depart Time" time="0"/>
  <testcase name="Then User is navigated to purchase screen" classname="Scenario: Verify user can choose flight by Airline name and Depart Time" time="0"/>
  <testcase name="Scenario: Verify user can choose flight by Airline name and Depart Time" classname="Scenario: Verify user can choose flight by Airline name and Depart Time" time="0.008"/>
  <testcase name="Given User launches application" classname="Scenario: Verify Flight reservation message" time="0"/>
  <testcase name="When User finds flights from Portland city to Dublin city" classname="Scenario: Verify Flight reservation message" time="0"/>
  <testcase name="And User is navigated to reserve screen" classname="Scenario: Verify Flight reservation message" time="0"/>
  <testcase name="And User chooses flight number 234" classname="Scenario: Verify Flight reservation message" time="0"/>
  <testcase name="Then User is navigated to purchase screen" classname="Scenario: Verify Flight reservation message" time="0.001"/>
  <testcase name="And User verifies Your flight from TLV to SFO has been reserved. text on purchase screen" classname="Scenario: Verify Flight reservation message" time="0"/>
  <testcase name="Scenario: Verify Flight reservation message" classname="Scenario: Verify Flight reservation message" time="0"/>
  <testcase name="Given User launches application" classname="Scenario: Verify user can Enter details and Purchase Flight" time="0"/>
  <testcase name="Given User launches application" classname="Scenario: Verify user can Enter details and Purchase Flight" time="0"/>
  <testcase name="When User finds flights from Portland city to Dublin city" classname="Scenario: Verify user can Enter details and Purchase Flight" time="0"/>
  <testcase name="When User finds flights from Portland city to Dublin city" classname="Scenario: Verify user can Enter details and Purchase Flight" time="0"/>
  <testcase name="And User is navigated to reserve screen" classname="Scenario: Verify user can Enter details and Purchase Flight" time="0"/>
  <testcase name="And User is navigated to reserve screen" classname="Scenario: Verify user can Enter details and Purchase Flight" time="0"/>
  <testcase name="And User chooses flight number 234" classname="Scenario: Verify user can Enter details and Purchase Flight" time="0"/>
  <testcase name="And User chooses flight number 234" classname="Scenario: Verify user can Enter details and Purchase Flight" time="0"/>
  <testcase name="And User is navigated to purchase screen" classname="Scenario: Verify user can Enter details and Purchase Flight" time="0"/>
  <testcase name="And User is navigated to purchase screen" classname="Scenario: Verify user can Enter details and Purchase Flight" time="0"/>
  <testcase name="And User Purchase flight by entering details as" classname="Scenario: Verify user can Enter details and Purchase Flight" time="0"/>
  <testcase name="And User Purchase flight by entering details as" classname="Scenario: Verify user can Enter details and Purchase Flight" time="0"/>
  <testcase name="Then User is navigated to confirmation screen" classname="Scenario: Verify user can Enter details and Purchase Flight" time="0"/>
  <testcase name="Then User is navigated to confirmation screen" classname="Scenario: Verify user can Enter details and Purchase Flight" time="0"/>
  <testcase name="Scenario: Verify user can Enter details and Purchase Flight" classname="Scenario: Verify user can Enter details and Purchase Flight" time="0.006"/>
  <testcase name="Scenario: Verify user can Enter details and Purchase Flight" classname="Scenario: Verify user can Enter details and Purchase Flight" time="0.018"/>
  <testcase name="And User verifies Flights from Portland to Dublin: text is displayed on reserve screen" classname="Scenario: Verify user can Enter details and Purchase Flight" time="0"/>
  <testcase name="And User verifies Thank you for your purchase today! text on confirmation screen" classname="Scenario: Verify user can Enter details and Purchase Flight" time="0"/>
  <testcase name="And User verifies 13 digit Id is generated successfully on confirmation screen" classname="Scenario: Verify user can Enter details and Purchase Flight" time="0"/>
  <testcase name="And User verifies Status as PendingCapture on confirmation screen" classname="Scenario: Verify user can Enter details and Purchase Flight" time="0"/>
  <testcase name="Given User launches application" classname="Scenario: Verify Welcome Message" time="0"/>
  <testcase name="When User verifies welcome message as INCORRECT WELCOME MESSAGE!" classname="Scenario: Verify Welcome Message" time="0">
    <failure message="Expected Message : INCORRECT WELCOME MESSAGE!Actual Message : Welcome to the Simple Travel Agency!" type="java.lang.AssertionError">java.lang.AssertionError: Expected Message : INCORRECT WELCOME MESSAGE!Actual Message : Welcome to the Simple Travel Agency!
</failure>
    <system-out><![CDATA[
  Background:                       # 005_Negative_Failing_Scenarios.feature:4
    Given User launches application # StepDefinitionCommon.user_launches_application()
FAIL : Expected Message : INCORRECT WELCOME MESSAGE!Actual Message : Welcome to the Simple Travel Agency!

]]></system-out>
  </testcase>
  <testcase name="Scenario: Verify Welcome Message" classname="Scenario: Verify Welcome Message" time="0">
    <failure message="Expected Message : INCORRECT WELCOME MESSAGE!Actual Message : Welcome to the Simple Travel Agency!" type="java.lang.AssertionError">java.lang.AssertionError: Expected Message : INCORRECT WELCOME MESSAGE!Actual Message : Welcome to the Simple Travel Agency!
</failure>
  </testcase>
  <testcase name="And User clicks on destination of the week link on welcome screen" classname="Scenario: Verify Welcome Message" time="0">
    <skipped/>
  </testcase>
  <testcase name="Then User is navigated to vacation screen" classname="Scenario: Verify Welcome Message" time="0">
    <skipped/>
  </testcase>
  <testcase name="Given User launches application" classname="Scenario: Choose Flight" time="0"/>
  <testcase name="When User finds flights from Portland city to Dublin city" classname="Scenario: Choose Flight" time="0"/>
  <testcase name="And User is navigated to reserve screen" classname="Scenario: Choose Flight" time="0"/>
  <testcase name="And User chooses flight number INCORRECT NUMBER" classname="Scenario: Choose Flight" time="0">
    <failure message="Flight with Flight number as INCORRECT NUMBER NOT found on the screen" type="java.lang.AssertionError">java.lang.AssertionError: Flight with Flight number as INCORRECT NUMBER NOT found on the screen
</failure>
    <system-out><![CDATA[FAIL : Flight with Flight number as INCORRECT NUMBER NOT found on the screen

]]></system-out>
  </testcase>
  <testcase name="Scenario: Choose Flight" classname="Scenario: Choose Flight" time="0">
    <failure message="Flight with Flight number as INCORRECT NUMBER NOT found on the screen" type="java.lang.AssertionError">java.lang.AssertionError: Flight with Flight number as INCORRECT NUMBER NOT found on the screen
</failure>
  </testcase>
  <testcase name="Then User is navigated to purchase screen" classname="Scenario: Choose Flight" time="0">
    <skipped/>
  </testcase>
</testsuite>